<?xml version="1.0" encoding="UTF-8"?>
<!-- Generated by org.testng.reporters.JUnitXMLReporter -->
<testsuite ignored="0" hostname="USER-3" failures="0" tests="1" name="Selenium Automation Framework" time="26.816" errors="0" timestamp="2024-09-03T11:37:36 IST">
  <testcase classname="com.example.Testcases.BaseTest" name="@AfterMethod afterMethod" time="0.0">
    <failure type="java.lang.NullPointerException" message="Cannot invoke &amp;quot;com.aventstack.extentreports.ExtentTest.pass(String)&amp;quot; because &amp;quot;this.test&amp;quot; is null">
      <![CDATA[java.lang.NullPointerException: Cannot invoke "com.aventstack.extentreports.ExtentTest.pass(String)" because "this.test" is null
at com.example.Testcases.BaseTest.afterMethod(BaseTest.java:56)
at java.base/java.util.ArrayList.forEach(ArrayList.java:1596)
... Removed 34 stack frames]]>
    </failure>
  </testcase> <!-- @AfterMethod afterMethod -->
  <testcase classname="com.example.Testcases.Login" name="testLogin" time="5.171"/>
</testsuite> <!-- Selenium Automation Framework -->
